<?xml version="1.0" encoding="UTF-8"?>
<testsuite xmlns:xsi="http://www.w3.org/2001/XMLSchema-instance" xsi:noNamespaceSchemaLocation="https://maven.apache.org/surefire/maven-surefire-plugin/xsd/surefire-test-report.xsd" name="cn.kitey.demo02_config.Demo02ConfigApplicationTests" time="5.352" tests="2" errors="0" skipped="0" failures="0">
  <properties>
[...]
</properties>
  <testcase name="testHelloService" classname="cn.kitey.demo02_config.Demo02ConfigApplicationTests" time="0.436"/>
  <testcase name="contextLoads" classname="cn.kitey.demo02_config.Demo02ConfigApplicationTests" time="0.001"/>
</testsuite>